2025-04-26 11:09:57,204 - INFO - Loaded 0 processed districts from checkpoint
2025-04-26 11:09:57,204 - ERROR - Error loading districts: [Errno 2] No such file or directory: '/usr/local/airflow/include/zoopla_resources/Postcode_districts.csv'
2025-04-26 11:09:57,220 - INFO - Saved 0 skipped districts to D:\scrapy_projects\current_projects\scrapy_projects\solomon\airflow\include\zoopla_resources\output/skipped_districts.txt
2025-04-26 11:09:57,220 - INFO - Data saved to D:\scrapy_projects\current_projects\scrapy_projects\solomon\airflow\include\zoopla_resources\output/zoopla_listing_data.json
2025-04-26 11:13:33,084 - INFO - Loaded 0 processed districts from checkpoint
2025-04-26 11:13:33,106 - INFO - Loaded 2308 valid postcode districts
2025-04-26 11:13:43,678 - ERROR - Error fetching listing 70026661: HTTPSConnectionPool(host='api-graphql-lambda.prod.zoopla.co.uk', port=443): Max retries exceeded with url: /graphql/ (Caused by ProxyError('Cannot connect to proxy.', timeout('timed out')))
2025-04-26 11:13:43,678 - ERROR - Error fetching listing 70046341: HTTPSConnectionPool(host='api-graphql-lambda.prod.zoopla.co.uk', port=443): Max retries exceeded with url: /graphql/ (Caused by ProxyError('Cannot connect to proxy.', timeout('timed out')))
2025-04-26 11:13:43,678 - ERROR - Error fetching listing 70026399: HTTPSConnectionPool(host='api-graphql-lambda.prod.zoopla.co.uk', port=443): Max retries exceeded with url: /graphql/ (Caused by ProxyError('Cannot connect to proxy.', timeout('timed out')))
2025-04-26 11:14:03,747 - ERROR - Error fetching listing 70026661: HTTPSConnectionPool(host='api-graphql-lambda.prod.zoopla.co.uk', port=443): Max retries exceeded with url: /graphql/ (Caused by ProxyError('Cannot connect to proxy.', timeout('timed out')))
2025-04-26 11:14:20,828 - ERROR - Error fetching listing 70026661: HTTPSConnectionPool(host='api-graphql-lambda.prod.zoopla.co.uk', port=443): Max retries exceeded with url: /graphql/ (Caused by ProxyError('Cannot connect to proxy.', timeout('timed out')))
2025-04-26 11:14:26,831 - ERROR - Failed to fetch listing 70026661 after 3 retries
2025-04-26 11:14:36,917 - ERROR - Error fetching listing 67164324: HTTPSConnectionPool(host='api-graphql-lambda.prod.zoopla.co.uk', port=443): Max retries exceeded with url: /graphql/ (Caused by ProxyError('Cannot connect to proxy.', timeout('timed out')))
2025-04-26 11:14:36,933 - ERROR - Error fetching listing 70026059: HTTPSConnectionPool(host='api-graphql-lambda.prod.zoopla.co.uk', port=443): Max retries exceeded with url: /graphql/ (Caused by ProxyError('Cannot connect to proxy.', timeout('timed out')))
2025-04-26 11:14:36,933 - ERROR - Error fetching listing 70017757: HTTPSConnectionPool(host='api-graphql-lambda.prod.zoopla.co.uk', port=443): Max retries exceeded with url: /graphql/ (Caused by ProxyError('Cannot connect to proxy.', timeout('timed out')))
2025-04-26 11:14:36,933 - ERROR - Error fetching listing 70019709: HTTPSConnectionPool(host='api-graphql-lambda.prod.zoopla.co.uk', port=443): Max retries exceeded with url: /graphql/ (Caused by ProxyError('Cannot connect to proxy.', timeout('timed out')))
2025-04-26 11:14:53,000 - ERROR - Error fetching listing 70019709: HTTPSConnectionPool(host='api-graphql-lambda.prod.zoopla.co.uk', port=443): Max retries exceeded with url: /graphql/ (Caused by ProxyError('Cannot connect to proxy.', timeout('timed out')))
2025-04-26 11:14:53,052 - ERROR - Error fetching listing 70017757: HTTPSConnectionPool(host='api-graphql-lambda.prod.zoopla.co.uk', port=443): Max retries exceeded with url: /graphql/ (Caused by ProxyError('Cannot connect to proxy.', timeout('timed out')))
2025-04-26 11:15:10,082 - ERROR - Error fetching listing 70019709: HTTPSConnectionPool(host='api-graphql-lambda.prod.zoopla.co.uk', port=443): Max retries exceeded with url: /graphql/ (Caused by ProxyError('Cannot connect to proxy.', timeout('timed out')))
2025-04-26 11:15:11,167 - ERROR - Error fetching listing 70017757: HTTPSConnectionPool(host='api-graphql-lambda.prod.zoopla.co.uk', port=443): Max retries exceeded with url: /graphql/ (Caused by ProxyError('Cannot connect to proxy.', timeout('timed out')))
2025-04-26 11:15:16,088 - ERROR - Failed to fetch listing 70019709 after 3 retries
2025-04-26 11:15:21,168 - ERROR - Failed to fetch listing 70017757 after 3 retries
2025-04-26 11:15:31,256 - ERROR - Error fetching listing 69383947: HTTPSConnectionPool(host='api-graphql-lambda.prod.zoopla.co.uk', port=443): Max retries exceeded with url: /graphql/ (Caused by ProxyError('Cannot connect to proxy.', timeout('timed out')))
2025-04-26 11:15:31,256 - ERROR - Error fetching listing 70017219: HTTPSConnectionPool(host='api-graphql-lambda.prod.zoopla.co.uk', port=443): Max retries exceeded with url: /graphql/ (Caused by ProxyError('Cannot connect to proxy.', timeout('timed out')))
2025-04-26 11:15:31,256 - ERROR - Error fetching listing 70004404: HTTPSConnectionPool(host='api-graphql-lambda.prod.zoopla.co.uk', port=443): Max retries exceeded with url: /graphql/ (Caused by ProxyError('Cannot connect to proxy.', timeout('timed out')))
2025-04-26 11:15:31,256 - ERROR - Error fetching listing 70008515: HTTPSConnectionPool(host='api-graphql-lambda.prod.zoopla.co.uk', port=443): Max retries exceeded with url: /graphql/ (Caused by ProxyError('Cannot connect to proxy.', timeout('timed out')))
2025-04-26 11:15:47,371 - ERROR - Error fetching listing 70008515: HTTPSConnectionPool(host='api-graphql-lambda.prod.zoopla.co.uk', port=443): Max retries exceeded with url: /graphql/ (Caused by ProxyError('Cannot connect to proxy.', timeout('timed out')))
2025-04-26 11:15:49,322 - ERROR - Error fetching listing 70017219: HTTPSConnectionPool(host='api-graphql-lambda.prod.zoopla.co.uk', port=443): Max retries exceeded with url: /graphql/ (Caused by ProxyError('Cannot connect to proxy.', timeout('timed out')))
2025-04-26 11:15:51,338 - ERROR - Error fetching listing 69383947: HTTPSConnectionPool(host='api-graphql-lambda.prod.zoopla.co.uk', port=443): Max retries exceeded with url: /graphql/ (Caused by ProxyError('Cannot connect to proxy.', timeout('timed out')))
2025-04-26 11:15:51,368 - ERROR - Error fetching listing 70004404: HTTPSConnectionPool(host='api-graphql-lambda.prod.zoopla.co.uk', port=443): Max retries exceeded with url: /graphql/ (Caused by ProxyError('Cannot connect to proxy.', timeout('timed out')))
2025-04-26 11:16:07,473 - ERROR - Error fetching listing 70008515: HTTPSConnectionPool(host='api-graphql-lambda.prod.zoopla.co.uk', port=443): Max retries exceeded with url: /graphql/ (Caused by ProxyError('Cannot connect to proxy.', timeout('timed out')))
2025-04-26 11:16:09,440 - ERROR - Error fetching listing 70004404: HTTPSConnectionPool(host='api-graphql-lambda.prod.zoopla.co.uk', port=443): Max retries exceeded with url: /graphql/ (Caused by ProxyError('Cannot connect to proxy.', timeout('timed out')))
2025-04-26 11:16:11,405 - ERROR - Error fetching listing 69383947: HTTPSConnectionPool(host='api-graphql-lambda.prod.zoopla.co.uk', port=443): Max retries exceeded with url: /graphql/ (Caused by ProxyError('Cannot connect to proxy.', timeout('timed out')))
2025-04-26 11:16:12,494 - ERROR - Failed to fetch listing 70008515 after 3 retries
2025-04-26 11:16:18,410 - ERROR - Failed to fetch listing 69383947 after 3 retries
2025-04-26 11:16:19,441 - ERROR - Failed to fetch listing 70004404 after 3 retries
2025-04-26 11:16:29,517 - ERROR - Error fetching listing 70002794: HTTPSConnectionPool(host='api-graphql-lambda.prod.zoopla.co.uk', port=443): Max retries exceeded with url: /graphql/ (Caused by ProxyError('Cannot connect to proxy.', timeout('timed out')))
2025-04-26 11:16:29,517 - ERROR - Error fetching listing 70001339: HTTPSConnectionPool(host='api-graphql-lambda.prod.zoopla.co.uk', port=443): Max retries exceeded with url: /graphql/ (Caused by ProxyError('Cannot connect to proxy.', timeout('timed out')))
2025-04-26 11:16:29,532 - ERROR - Error fetching listing 64263799: HTTPSConnectionPool(host='api-graphql-lambda.prod.zoopla.co.uk', port=443): Max retries exceeded with url: /graphql/ (Caused by ProxyError('Cannot connect to proxy.', timeout('timed out')))
2025-04-26 11:16:29,532 - ERROR - Error fetching listing 70003995: HTTPSConnectionPool(host='api-graphql-lambda.prod.zoopla.co.uk', port=443): Max retries exceeded with url: /graphql/ (Caused by ProxyError('Cannot connect to proxy.', timeout('timed out')))
2025-04-26 11:16:29,548 - ERROR - Error fetching listing 69999550: HTTPSConnectionPool(host='api-graphql-lambda.prod.zoopla.co.uk', port=443): Max retries exceeded with url: /graphql/ (Caused by ProxyError('Cannot connect to proxy.', timeout('timed out')))
2025-04-26 11:16:46,648 - ERROR - Error fetching listing 70002794: HTTPSConnectionPool(host='api-graphql-lambda.prod.zoopla.co.uk', port=443): Max retries exceeded with url: /graphql/ (Caused by ProxyError('Cannot connect to proxy.', timeout('timed out')))
2025-04-26 11:16:47,598 - ERROR - Error fetching listing 70001339: HTTPSConnectionPool(host='api-graphql-lambda.prod.zoopla.co.uk', port=443): Max retries exceeded with url: /graphql/ (Caused by ProxyError('Cannot connect to proxy.', timeout('timed out')))
2025-04-26 11:16:47,645 - ERROR - Error fetching listing 69999550: HTTPSConnectionPool(host='api-graphql-lambda.prod.zoopla.co.uk', port=443): Max retries exceeded with url: /graphql/ (Caused by ProxyError('Cannot connect to proxy.', timeout('timed out')))
2025-04-26 11:16:48,630 - ERROR - Error fetching listing 70003995: HTTPSConnectionPool(host='api-graphql-lambda.prod.zoopla.co.uk', port=443): Max retries exceeded with url: /graphql/ (Caused by ProxyError('Cannot connect to proxy.', timeout('timed out')))
2025-04-26 11:16:48,676 - ERROR - Error fetching listing 64263799: HTTPSConnectionPool(host='api-graphql-lambda.prod.zoopla.co.uk', port=443): Max retries exceeded with url: /graphql/ (Caused by ProxyError('Cannot connect to proxy.', timeout('timed out')))
2025-04-26 11:17:02,679 - ERROR - Error fetching listing 70001339: HTTPSConnectionPool(host='api-graphql-lambda.prod.zoopla.co.uk', port=443): Max retries exceeded with url: /graphql/ (Caused by ProxyError('Cannot connect to proxy.', timeout('timed out')))
2025-04-26 11:17:04,733 - ERROR - Error fetching listing 70002794: HTTPSConnectionPool(host='api-graphql-lambda.prod.zoopla.co.uk', port=443): Max retries exceeded with url: /graphql/ (Caused by ProxyError('Cannot connect to proxy.', timeout('timed out')))
2025-04-26 11:17:05,716 - ERROR - Error fetching listing 70003995: HTTPSConnectionPool(host='api-graphql-lambda.prod.zoopla.co.uk', port=443): Max retries exceeded with url: /graphql/ (Caused by ProxyError('Cannot connect to proxy.', timeout('timed out')))
2025-04-26 11:17:05,732 - ERROR - Error fetching listing 69999550: HTTPSConnectionPool(host='api-graphql-lambda.prod.zoopla.co.uk', port=443): Max retries exceeded with url: /graphql/ (Caused by ProxyError('Cannot connect to proxy.', timeout('timed out')))
2025-04-26 11:17:05,767 - ERROR - Error fetching listing 64263799: HTTPSConnectionPool(host='api-graphql-lambda.prod.zoopla.co.uk', port=443): Max retries exceeded with url: /graphql/ (Caused by ProxyError('Cannot connect to proxy.', timeout('timed out')))
2025-04-26 11:17:07,700 - ERROR - Failed to fetch listing 70001339 after 3 retries
2025-04-26 11:17:11,747 - ERROR - Failed to fetch listing 70002794 after 3 retries
2025-04-26 11:17:11,747 - ERROR - Failed to fetch listing 69999550 after 3 retries
2025-04-26 11:17:12,734 - ERROR - Failed to fetch listing 70003995 after 3 retries
2025-04-26 11:17:12,780 - ERROR - Failed to fetch listing 64263799 after 3 retries
2025-04-26 11:17:22,864 - ERROR - Error fetching listing 68530797: HTTPSConnectionPool(host='api-graphql-lambda.prod.zoopla.co.uk', port=443): Max retries exceeded with url: /graphql/ (Caused by ProxyError('Cannot connect to proxy.', timeout('timed out')))
2025-04-26 11:17:22,864 - ERROR - Error fetching listing 69996360: HTTPSConnectionPool(host='api-graphql-lambda.prod.zoopla.co.uk', port=443): Max retries exceeded with url: /graphql/ (Caused by ProxyError('Cannot connect to proxy.', timeout('timed out')))
2025-04-26 11:17:22,879 - ERROR - Error fetching listing 69989412: HTTPSConnectionPool(host='api-graphql-lambda.prod.zoopla.co.uk', port=443): Max retries exceeded with url: /graphql/ (Caused by ProxyError('Cannot connect to proxy.', timeout('timed out')))
2025-04-26 11:17:22,879 - ERROR - Error fetching listing 69998624: HTTPSConnectionPool(host='api-graphql-lambda.prod.zoopla.co.uk', port=443): Max retries exceeded with url: /graphql/ (Caused by ProxyError('Cannot connect to proxy.', timeout('timed out')))
2025-04-26 11:17:42,932 - ERROR - Error fetching listing 68530797: HTTPSConnectionPool(host='api-graphql-lambda.prod.zoopla.co.uk', port=443): Max retries exceeded with url: /graphql/ (Caused by ProxyError('Cannot connect to proxy.', timeout('timed out')))
2025-04-26 11:17:42,932 - ERROR - Error fetching listing 69996360: HTTPSConnectionPool(host='api-graphql-lambda.prod.zoopla.co.uk', port=443): Max retries exceeded with url: /graphql/ (Caused by ProxyError('Cannot connect to proxy.', timeout('timed out')))
2025-04-26 11:18:00,022 - ERROR - Error fetching listing 68530797: HTTPSConnectionPool(host='api-graphql-lambda.prod.zoopla.co.uk', port=443): Max retries exceeded with url: /graphql/ (Caused by ProxyError('Cannot connect to proxy.', timeout('timed out')))
2025-04-26 11:18:06,040 - ERROR - Failed to fetch listing 68530797 after 3 retries
2025-04-26 11:18:06,040 - WARNING - No details found for listing 70026661
2025-04-26 11:18:06,040 - WARNING - No details found for listing 70019709
2025-04-26 11:18:06,040 - WARNING - No details found for listing 70017757
2025-04-26 11:18:06,040 - WARNING - No details found for listing 69383947
2025-04-26 11:18:06,040 - WARNING - No details found for listing 70008515
2025-04-26 11:18:06,040 - WARNING - No details found for listing 70004404
2025-04-26 11:18:06,040 - WARNING - No details found for listing 70003995
2025-04-26 11:18:06,040 - WARNING - No details found for listing 70002794
2025-04-26 11:18:06,040 - WARNING - No details found for listing 70001339
2025-04-26 11:18:06,040 - WARNING - No details found for listing 64263799
2025-04-26 11:18:06,040 - WARNING - No details found for listing 69999550
2025-04-26 11:18:06,040 - WARNING - No details found for listing 68530797
2025-04-26 11:18:18,957 - ERROR - Error fetching listing 69985418: HTTPSConnectionPool(host='api-graphql-lambda.prod.zoopla.co.uk', port=443): Max retries exceeded with url: /graphql/ (Caused by ProxyError('Cannot connect to proxy.', timeout('timed out')))
2025-04-26 11:18:18,957 - ERROR - Error fetching listing 69986873: HTTPSConnectionPool(host='api-graphql-lambda.prod.zoopla.co.uk', port=443): Max retries exceeded with url: /graphql/ (Caused by ProxyError('Cannot connect to proxy.', timeout('timed out')))
2025-04-26 11:18:18,972 - ERROR - Error fetching listing 69974989: HTTPSConnectionPool(host='api-graphql-lambda.prod.zoopla.co.uk', port=443): Max retries exceeded with url: /graphql/ (Caused by ProxyError('Cannot connect to proxy.', timeout('timed out')))
2025-04-26 11:18:18,987 - ERROR - Error fetching listing 65856640: HTTPSConnectionPool(host='api-graphql-lambda.prod.zoopla.co.uk', port=443): Max retries exceeded with url: /graphql/ (Caused by ProxyError('Cannot connect to proxy.', timeout('timed out')))
2025-04-26 11:18:34,123 - ERROR - Error fetching listing 69985418: HTTPSConnectionPool(host='api-graphql-lambda.prod.zoopla.co.uk', port=443): Max retries exceeded with url: /graphql/ (Caused by ProxyError('Cannot connect to proxy.', timeout('timed out')))
2025-04-26 11:18:35,056 - ERROR - Error fetching listing 69974989: HTTPSConnectionPool(host='api-graphql-lambda.prod.zoopla.co.uk', port=443): Max retries exceeded with url: /graphql/ (Caused by ProxyError('Cannot connect to proxy.', timeout('timed out')))
2025-04-26 11:18:37,043 - ERROR - Error fetching listing 69986873: HTTPSConnectionPool(host='api-graphql-lambda.prod.zoopla.co.uk', port=443): Max retries exceeded with url: /graphql/ (Caused by ProxyError('Cannot connect to proxy.', timeout('timed out')))
2025-04-26 11:18:49,278 - ERROR - Error fetching listing 69985418: HTTPSConnectionPool(host='api-graphql-lambda.prod.zoopla.co.uk', port=443): Max retries exceeded with url: /graphql/ (Caused by ProxyError('Cannot connect to proxy.', timeout('timed out')))
2025-04-26 11:18:53,145 - ERROR - Error fetching listing 69974989: HTTPSConnectionPool(host='api-graphql-lambda.prod.zoopla.co.uk', port=443): Max retries exceeded with url: /graphql/ (Caused by ProxyError('Cannot connect to proxy.', timeout('timed out')))
2025-04-26 11:18:54,112 - ERROR - Error fetching listing 69986873: HTTPSConnectionPool(host='api-graphql-lambda.prod.zoopla.co.uk', port=443): Max retries exceeded with url: /graphql/ (Caused by ProxyError('Cannot connect to proxy.', timeout('timed out')))
2025-04-26 11:18:55,294 - ERROR - Failed to fetch listing 69985418 after 3 retries
2025-04-26 11:19:01,126 - ERROR - Failed to fetch listing 69986873 after 3 retries
2025-04-26 11:19:03,146 - ERROR - Failed to fetch listing 69974989 after 3 retries
2025-04-26 11:19:13,230 - ERROR - Error fetching listing 69961151: HTTPSConnectionPool(host='api-graphql-lambda.prod.zoopla.co.uk', port=443): Max retries exceeded with url: /graphql/ (Caused by ProxyError('Cannot connect to proxy.', timeout('timed out')))
2025-04-26 11:19:13,230 - ERROR - Error fetching listing 66255407: HTTPSConnectionPool(host='api-graphql-lambda.prod.zoopla.co.uk', port=443): Max retries exceeded with url: /graphql/ (Caused by ProxyError('Cannot connect to proxy.', timeout('timed out')))
2025-04-26 11:19:13,246 - ERROR - Error fetching listing 69965735: HTTPSConnectionPool(host='api-graphql-lambda.prod.zoopla.co.uk', port=443): Max retries exceeded with url: /graphql/ (Caused by ProxyError('Cannot connect to proxy.', timeout('timed out')))
2025-04-26 11:19:13,246 - ERROR - Error fetching listing 66255423: HTTPSConnectionPool(host='api-graphql-lambda.prod.zoopla.co.uk', port=443): Max retries exceeded with url: /graphql/ (Caused by ProxyError('Cannot connect to proxy.', timeout('timed out')))
2025-04-26 11:19:13,261 - ERROR - Error fetching listing 69963362: HTTPSConnectionPool(host='api-graphql-lambda.prod.zoopla.co.uk', port=443): Max retries exceeded with url: /graphql/ (Caused by ProxyError('Cannot connect to proxy.', timeout('timed out')))
2025-04-26 11:19:29,359 - ERROR - Error fetching listing 66255423: HTTPSConnectionPool(host='api-graphql-lambda.prod.zoopla.co.uk', port=443): Max retries exceeded with url: /graphql/ (Caused by ProxyError('Cannot connect to proxy.', timeout('timed out')))
2025-04-26 11:19:30,329 - ERROR - Error fetching listing 69965735: HTTPSConnectionPool(host='api-graphql-lambda.prod.zoopla.co.uk', port=443): Max retries exceeded with url: /graphql/ (Caused by ProxyError('Cannot connect to proxy.', timeout('timed out')))
2025-04-26 11:19:32,314 - ERROR - Error fetching listing 69961151: HTTPSConnectionPool(host='api-graphql-lambda.prod.zoopla.co.uk', port=443): Max retries exceeded with url: /graphql/ (Caused by ProxyError('Cannot connect to proxy.', timeout('timed out')))
2025-04-26 11:19:33,317 - ERROR - Error fetching listing 66255407: HTTPSConnectionPool(host='api-graphql-lambda.prod.zoopla.co.uk', port=443): Max retries exceeded with url: /graphql/ (Caused by ProxyError('Cannot connect to proxy.', timeout('timed out')))
2025-04-26 11:19:33,363 - ERROR - Error fetching listing 69963362: HTTPSConnectionPool(host='api-graphql-lambda.prod.zoopla.co.uk', port=443): Max retries exceeded with url: /graphql/ (Caused by ProxyError('Cannot connect to proxy.', timeout('timed out')))
2025-04-26 11:19:46,431 - ERROR - Error fetching listing 66255423: HTTPSConnectionPool(host='api-graphql-lambda.prod.zoopla.co.uk', port=443): Max retries exceeded with url: /graphql/ (Caused by ProxyError('Cannot connect to proxy.', timeout('timed out')))
2025-04-26 11:19:47,418 - ERROR - Error fetching listing 69965735: HTTPSConnectionPool(host='api-graphql-lambda.prod.zoopla.co.uk', port=443): Max retries exceeded with url: /graphql/ (Caused by ProxyError('Cannot connect to proxy.', timeout('timed out')))
2025-04-26 11:19:48,383 - ERROR - Error fetching listing 69961151: HTTPSConnectionPool(host='api-graphql-lambda.prod.zoopla.co.uk', port=443): Max retries exceeded with url: /graphql/ (Caused by ProxyError('Cannot connect to proxy.', timeout('timed out')))
2025-04-26 11:19:52,434 - ERROR - Failed to fetch listing 69965735 after 3 retries
2025-04-26 11:19:55,399 - ERROR - Failed to fetch listing 69961151 after 3 retries
2025-04-26 11:19:55,435 - ERROR - Failed to fetch listing 66255423 after 3 retries
2025-04-26 11:20:05,502 - ERROR - Error fetching listing 69945095: HTTPSConnectionPool(host='api-graphql-lambda.prod.zoopla.co.uk', port=443): Max retries exceeded with url: /graphql/ (Caused by ProxyError('Cannot connect to proxy.', timeout('timed out')))
2025-04-26 11:20:05,518 - ERROR - Error fetching listing 69944169: HTTPSConnectionPool(host='api-graphql-lambda.prod.zoopla.co.uk', port=443): Max retries exceeded with url: /graphql/ (Caused by ProxyError('Cannot connect to proxy.', timeout('timed out')))
2025-04-26 11:20:05,533 - ERROR - Error fetching listing 69946292: HTTPSConnectionPool(host='api-graphql-lambda.prod.zoopla.co.uk', port=443): Max retries exceeded with url: /graphql/ (Caused by ProxyError('Cannot connect to proxy.', timeout('timed out')))
2025-04-26 11:20:05,533 - ERROR - Error fetching listing 69946291: HTTPSConnectionPool(host='api-graphql-lambda.prod.zoopla.co.uk', port=443): Max retries exceeded with url: /graphql/ (Caused by ProxyError('Cannot connect to proxy.', timeout('timed out')))
2025-04-26 11:20:05,553 - ERROR - Error fetching listing 66255359: HTTPSConnectionPool(host='api-graphql-lambda.prod.zoopla.co.uk', port=443): Max retries exceeded with url: /graphql/ (Caused by ProxyError('Cannot connect to proxy.', timeout('timed out')))
2025-04-26 11:20:20,655 - ERROR - Error fetching listing 66255359: HTTPSConnectionPool(host='api-graphql-lambda.prod.zoopla.co.uk', port=443): Max retries exceeded with url: /graphql/ (Caused by ProxyError('Cannot connect to proxy.', timeout('timed out')))
2025-04-26 11:20:23,635 - ERROR - Error fetching listing 69944169: HTTPSConnectionPool(host='api-graphql-lambda.prod.zoopla.co.uk', port=443): Max retries exceeded with url: /graphql/ (Caused by ProxyError('Cannot connect to proxy.', timeout('timed out')))
2025-04-26 11:20:24,555 - ERROR - Error fetching listing 69945095: HTTPSConnectionPool(host='api-graphql-lambda.prod.zoopla.co.uk', port=443): Max retries exceeded with url: /graphql/ (Caused by ProxyError('Cannot connect to proxy.', timeout('timed out')))
2025-04-26 11:20:24,601 - ERROR - Error fetching listing 69946292: HTTPSConnectionPool(host='api-graphql-lambda.prod.zoopla.co.uk', port=443): Max retries exceeded with url: /graphql/ (Caused by ProxyError('Cannot connect to proxy.', timeout('timed out')))
2025-04-26 11:20:25,602 - ERROR - Error fetching listing 69946291: HTTPSConnectionPool(host='api-graphql-lambda.prod.zoopla.co.uk', port=443): Max retries exceeded with url: /graphql/ (Caused by ProxyError('Cannot connect to proxy.', timeout('timed out')))
2025-04-26 11:20:39,737 - ERROR - Error fetching listing 69944169: HTTPSConnectionPool(host='api-graphql-lambda.prod.zoopla.co.uk', port=443): Max retries exceeded with url: /graphql/ (Caused by ProxyError('Cannot connect to proxy.', timeout('timed out')))
2025-04-26 11:20:40,753 - ERROR - Error fetching listing 69946292: HTTPSConnectionPool(host='api-graphql-lambda.prod.zoopla.co.uk', port=443): Max retries exceeded with url: /graphql/ (Caused by ProxyError('Cannot connect to proxy.', timeout('timed out')))
2025-04-26 11:20:41,624 - ERROR - Error fetching listing 69945095: HTTPSConnectionPool(host='api-graphql-lambda.prod.zoopla.co.uk', port=443): Max retries exceeded with url: /graphql/ (Caused by ProxyError('Cannot connect to proxy.', timeout('timed out')))
2025-04-26 11:20:41,690 - ERROR - Error fetching listing 69946291: HTTPSConnectionPool(host='api-graphql-lambda.prod.zoopla.co.uk', port=443): Max retries exceeded with url: /graphql/ (Caused by ProxyError('Cannot connect to proxy.', timeout('timed out')))
2025-04-26 11:20:47,740 - ERROR - Failed to fetch listing 69944169 after 3 retries
2025-04-26 11:20:48,638 - ERROR - Failed to fetch listing 69945095 after 3 retries
2025-04-26 11:20:49,692 - ERROR - Failed to fetch listing 69946291 after 3 retries
2025-04-26 11:20:49,768 - ERROR - Failed to fetch listing 69946292 after 3 retries
2025-04-26 11:20:59,839 - ERROR - Error fetching listing 69931061: HTTPSConnectionPool(host='api-graphql-lambda.prod.zoopla.co.uk', port=443): Max retries exceeded with url: /graphql/ (Caused by ProxyError('Cannot connect to proxy.', timeout('timed out')))
2025-04-26 11:20:59,859 - ERROR - Error fetching listing 69930188: HTTPSConnectionPool(host='api-graphql-lambda.prod.zoopla.co.uk', port=443): Max retries exceeded with url: /graphql/ (Caused by ProxyError('Cannot connect to proxy.', timeout('timed out')))
2025-04-26 11:20:59,874 - ERROR - Error fetching listing 69924951: HTTPSConnectionPool(host='api-graphql-lambda.prod.zoopla.co.uk', port=443): Max retries exceeded with url: /graphql/ (Caused by ProxyError('Cannot connect to proxy.', timeout('timed out')))
2025-04-26 11:20:59,926 - ERROR - Error fetching listing 69930399: HTTPSConnectionPool(host='api-graphql-lambda.prod.zoopla.co.uk', port=443): Max retries exceeded with url: /graphql/ (Caused by ProxyError('Cannot connect to proxy.', timeout('timed out')))
2025-04-26 11:21:16,962 - ERROR - Error fetching listing 69931061: HTTPSConnectionPool(host='api-graphql-lambda.prod.zoopla.co.uk', port=443): Max retries exceeded with url: /graphql/ (Caused by ProxyError('Cannot connect to proxy.', timeout('timed out')))
2025-04-26 11:21:16,993 - ERROR - Error fetching listing 69930188: HTTPSConnectionPool(host='api-graphql-lambda.prod.zoopla.co.uk', port=443): Max retries exceeded with url: /graphql/ (Caused by ProxyError('Cannot connect to proxy.', timeout('timed out')))
2025-04-26 11:21:17,028 - ERROR - Error fetching listing 69930399: HTTPSConnectionPool(host='api-graphql-lambda.prod.zoopla.co.uk', port=443): Max retries exceeded with url: /graphql/ (Caused by ProxyError('Cannot connect to proxy.', timeout('timed out')))
2025-04-26 11:21:34,063 - ERROR - Error fetching listing 69930188: HTTPSConnectionPool(host='api-graphql-lambda.prod.zoopla.co.uk', port=443): Max retries exceeded with url: /graphql/ (Caused by ProxyError('Cannot connect to proxy.', timeout('timed out')))
2025-04-26 11:21:36,112 - ERROR - Error fetching listing 69930399: HTTPSConnectionPool(host='api-graphql-lambda.prod.zoopla.co.uk', port=443): Max retries exceeded with url: /graphql/ (Caused by ProxyError('Cannot connect to proxy.', timeout('timed out')))
2025-04-26 11:21:37,045 - ERROR - Error fetching listing 69931061: HTTPSConnectionPool(host='api-graphql-lambda.prod.zoopla.co.uk', port=443): Max retries exceeded with url: /graphql/ (Caused by ProxyError('Cannot connect to proxy.', timeout('timed out')))
2025-04-26 11:21:39,079 - ERROR - Failed to fetch listing 69930188 after 3 retries
2025-04-26 11:21:41,131 - ERROR - Failed to fetch listing 69930399 after 3 retries
2025-04-26 11:21:43,063 - ERROR - Failed to fetch listing 69931061 after 3 retries
2025-04-26 11:21:53,148 - ERROR - Error fetching listing 69915601: HTTPSConnectionPool(host='api-graphql-lambda.prod.zoopla.co.uk', port=443): Max retries exceeded with url: /graphql/ (Caused by ProxyError('Cannot connect to proxy.', timeout('timed out')))
2025-04-26 11:21:53,148 - ERROR - Error fetching listing 69906911: HTTPSConnectionPool(host='api-graphql-lambda.prod.zoopla.co.uk', port=443): Max retries exceeded with url: /graphql/ (Caused by ProxyError('Cannot connect to proxy.', timeout('timed out')))
2025-04-26 11:21:53,163 - ERROR - Error fetching listing 69906181: HTTPSConnectionPool(host='api-graphql-lambda.prod.zoopla.co.uk', port=443): Max retries exceeded with url: /graphql/ (Caused by ProxyError('Cannot connect to proxy.', timeout('timed out')))
2025-04-26 11:21:53,163 - ERROR - Error fetching listing 69916203: HTTPSConnectionPool(host='api-graphql-lambda.prod.zoopla.co.uk', port=443): Max retries exceeded with url: /graphql/ (Caused by ProxyError('Cannot connect to proxy.', timeout('timed out')))
2025-04-26 11:22:10,233 - ERROR - Error fetching listing 69915601: HTTPSConnectionPool(host='api-graphql-lambda.prod.zoopla.co.uk', port=443): Max retries exceeded with url: /graphql/ (Caused by ProxyError('Cannot connect to proxy.', timeout('timed out')))
2025-04-26 11:22:10,279 - ERROR - Error fetching listing 69906181: HTTPSConnectionPool(host='api-graphql-lambda.prod.zoopla.co.uk', port=443): Max retries exceeded with url: /graphql/ (Caused by ProxyError('Cannot connect to proxy.', timeout('timed out')))
2025-04-26 11:22:11,234 - ERROR - Error fetching listing 69906911: HTTPSConnectionPool(host='api-graphql-lambda.prod.zoopla.co.uk', port=443): Max retries exceeded with url: /graphql/ (Caused by ProxyError('Cannot connect to proxy.', timeout('timed out')))
2025-04-26 11:22:12,265 - ERROR - Error fetching listing 69916203: HTTPSConnectionPool(host='api-graphql-lambda.prod.zoopla.co.uk', port=443): Max retries exceeded with url: /graphql/ (Caused by ProxyError('Cannot connect to proxy.', timeout('timed out')))
2025-04-26 11:22:26,315 - ERROR - Error fetching listing 69915601: HTTPSConnectionPool(host='api-graphql-lambda.prod.zoopla.co.uk', port=443): Max retries exceeded with url: /graphql/ (Caused by ProxyError('Cannot connect to proxy.', timeout('timed out')))
2025-04-26 11:22:27,335 - ERROR - Error fetching listing 69916203: HTTPSConnectionPool(host='api-graphql-lambda.prod.zoopla.co.uk', port=443): Max retries exceeded with url: /graphql/ (Caused by ProxyError('Cannot connect to proxy.', timeout('timed out')))
2025-04-26 11:22:29,318 - ERROR - Error fetching listing 69906911: HTTPSConnectionPool(host='api-graphql-lambda.prod.zoopla.co.uk', port=443): Max retries exceeded with url: /graphql/ (Caused by ProxyError('Cannot connect to proxy.', timeout('timed out')))
2025-04-26 11:22:32,319 - ERROR - Failed to fetch listing 69915601 after 3 retries
2025-04-26 11:22:32,349 - ERROR - Failed to fetch listing 69916203 after 3 retries
2025-04-26 11:22:36,335 - ERROR - Failed to fetch listing 69906911 after 3 retries
2025-04-26 11:22:36,335 - WARNING - No details found for listing 69986873
2025-04-26 11:22:36,335 - WARNING - No details found for listing 69985418
2025-04-26 11:22:36,335 - WARNING - No details found for listing 69974989
2025-04-26 11:22:36,335 - WARNING - No details found for listing 69965735
2025-04-26 11:22:36,335 - WARNING - No details found for listing 69961151
2025-04-26 11:22:36,335 - WARNING - No details found for listing 66255423
2025-04-26 11:22:36,336 - WARNING - No details found for listing 69946292
2025-04-26 11:22:36,336 - WARNING - No details found for listing 69946291
2025-04-26 11:22:36,336 - WARNING - No details found for listing 69945095
2025-04-26 11:22:36,336 - WARNING - No details found for listing 69944169
2025-04-26 11:22:36,336 - WARNING - No details found for listing 69931061
2025-04-26 11:22:36,336 - WARNING - No details found for listing 69930399
2025-04-26 11:22:36,336 - WARNING - No details found for listing 69930188
2025-04-26 11:22:36,336 - WARNING - No details found for listing 69916203
2025-04-26 11:22:36,336 - WARNING - No details found for listing 69915601
2025-04-26 11:22:36,336 - WARNING - No details found for listing 69906911
2025-04-26 11:22:49,320 - ERROR - Error fetching listing 69897472: HTTPSConnectionPool(host='api-graphql-lambda.prod.zoopla.co.uk', port=443): Max retries exceeded with url: /graphql/ (Caused by ProxyError('Cannot connect to proxy.', timeout('timed out')))
2025-04-26 11:22:49,320 - ERROR - Error fetching listing 69862150: HTTPSConnectionPool(host='api-graphql-lambda.prod.zoopla.co.uk', port=443): Max retries exceeded with url: /graphql/ (Caused by ProxyError('Cannot connect to proxy.', timeout('timed out')))
2025-04-26 11:22:49,320 - ERROR - Error fetching listing 69884605: HTTPSConnectionPool(host='api-graphql-lambda.prod.zoopla.co.uk', port=443): Max retries exceeded with url: /graphql/ (Caused by ProxyError('Cannot connect to proxy.', timeout('timed out')))
2025-04-26 11:22:49,335 - ERROR - Error fetching listing 69858055: HTTPSConnectionPool(host='api-graphql-lambda.prod.zoopla.co.uk', port=443): Max retries exceeded with url: /graphql/ (Caused by ProxyError('Cannot connect to proxy.', timeout('timed out')))
2025-04-26 11:23:06,407 - ERROR - Error fetching listing 69858055: HTTPSConnectionPool(host='api-graphql-lambda.prod.zoopla.co.uk', port=443): Max retries exceeded with url: /graphql/ (Caused by ProxyError('Cannot connect to proxy.', timeout('timed out')))
2025-04-26 11:23:07,407 - ERROR - Error fetching listing 69862150: HTTPSConnectionPool(host='api-graphql-lambda.prod.zoopla.co.uk', port=443): Max retries exceeded with url: /graphql/ (Caused by ProxyError('Cannot connect to proxy.', timeout('timed out')))
2025-04-26 11:23:08,402 - ERROR - Error fetching listing 69897472: HTTPSConnectionPool(host='api-graphql-lambda.prod.zoopla.co.uk', port=443): Max retries exceeded with url: /graphql/ (Caused by ProxyError('Cannot connect to proxy.', timeout('timed out')))
2025-04-26 11:23:09,405 - ERROR - Error fetching listing 69884605: HTTPSConnectionPool(host='api-graphql-lambda.prod.zoopla.co.uk', port=443): Max retries exceeded with url: /graphql/ (Caused by ProxyError('Cannot connect to proxy.', timeout('timed out')))
2025-04-26 11:23:21,508 - ERROR - Error fetching listing 69858055: HTTPSConnectionPool(host='api-graphql-lambda.prod.zoopla.co.uk', port=443): Max retries exceeded with url: /graphql/ (Caused by ProxyError('Cannot connect to proxy.', timeout('timed out')))
2025-04-26 11:23:24,522 - ERROR - Error fetching listing 69897472: HTTPSConnectionPool(host='api-graphql-lambda.prod.zoopla.co.uk', port=443): Max retries exceeded with url: /graphql/ (Caused by ProxyError('Cannot connect to proxy.', timeout('timed out')))
2025-04-26 11:23:25,488 - ERROR - Error fetching listing 69862150: HTTPSConnectionPool(host='api-graphql-lambda.prod.zoopla.co.uk', port=443): Max retries exceeded with url: /graphql/ (Caused by ProxyError('Cannot connect to proxy.', timeout('timed out')))
2025-04-26 11:23:26,475 - ERROR - Error fetching listing 69884605: HTTPSConnectionPool(host='api-graphql-lambda.prod.zoopla.co.uk', port=443): Max retries exceeded with url: /graphql/ (Caused by ProxyError('Cannot connect to proxy.', timeout('timed out')))
2025-04-26 11:23:26,522 - ERROR - Failed to fetch listing 69858055 after 3 retries
2025-04-26 11:23:32,490 - ERROR - Failed to fetch listing 69884605 after 3 retries
2025-04-26 11:23:32,524 - ERROR - Failed to fetch listing 69897472 after 3 retries
2025-04-26 11:23:34,491 - ERROR - Failed to fetch listing 69862150 after 3 retries
2025-04-26 11:23:44,559 - ERROR - Error fetching listing 69845798: HTTPSConnectionPool(host='api-graphql-lambda.prod.zoopla.co.uk', port=443): Max retries exceeded with url: /graphql/ (Caused by ProxyError('Cannot connect to proxy.', timeout('timed out')))
2025-04-26 11:23:44,575 - ERROR - Error fetching listing 69845095: HTTPSConnectionPool(host='api-graphql-lambda.prod.zoopla.co.uk', port=443): Max retries exceeded with url: /graphql/ (Caused by ProxyError('Cannot connect to proxy.', timeout('timed out')))
2025-04-26 11:23:44,611 - ERROR - Error fetching listing 69840409: HTTPSConnectionPool(host='api-graphql-lambda.prod.zoopla.co.uk', port=443): Max retries exceeded with url: /graphql/ (Caused by ProxyError('Cannot connect to proxy.', timeout('timed out')))
2025-04-26 11:23:44,611 - ERROR - Error fetching listing 68643447: HTTPSConnectionPool(host='api-graphql-lambda.prod.zoopla.co.uk', port=443): Max retries exceeded with url: /graphql/ (Caused by ProxyError('Cannot connect to proxy.', timeout('timed out')))
2025-04-26 11:23:44,611 - ERROR - Error fetching listing 69833403: HTTPSConnectionPool(host='api-graphql-lambda.prod.zoopla.co.uk', port=443): Max retries exceeded with url: /graphql/ (Caused by ProxyError('Cannot connect to proxy.', timeout('timed out')))
2025-04-26 11:24:00,710 - ERROR - Error fetching listing 69845095: HTTPSConnectionPool(host='api-graphql-lambda.prod.zoopla.co.uk', port=443): Max retries exceeded with url: /graphql/ (Caused by ProxyError('Cannot connect to proxy.', timeout('timed out')))
2025-04-26 11:24:00,710 - ERROR - Error fetching listing 69840409: HTTPSConnectionPool(host='api-graphql-lambda.prod.zoopla.co.uk', port=443): Max retries exceeded with url: /graphql/ (Caused by ProxyError('Cannot connect to proxy.', timeout('timed out')))
2025-04-26 11:24:03,745 - ERROR - Error fetching listing 68643447: HTTPSConnectionPool(host='api-graphql-lambda.prod.zoopla.co.uk', port=443): Max retries exceeded with url: /graphql/ (Caused by ProxyError('Cannot connect to proxy.', timeout('timed out')))
2025-04-26 11:24:17,828 - ERROR - Error fetching listing 69845095: HTTPSConnectionPool(host='api-graphql-lambda.prod.zoopla.co.uk', port=443): Max retries exceeded with url: /graphql/ (Caused by ProxyError('Cannot connect to proxy.', timeout('timed out')))
2025-04-26 11:24:19,828 - ERROR - Error fetching listing 69840409: HTTPSConnectionPool(host='api-graphql-lambda.prod.zoopla.co.uk', port=443): Max retries exceeded with url: /graphql/ (Caused by ProxyError('Cannot connect to proxy.', timeout('timed out')))
2025-04-26 11:24:19,927 - ERROR - Error fetching listing 68643447: HTTPSConnectionPool(host='api-graphql-lambda.prod.zoopla.co.uk', port=443): Max retries exceeded with url: /graphql/ (Caused by ProxyError('Cannot connect to proxy.', timeout('timed out')))
2025-04-26 11:24:23,830 - ERROR - Failed to fetch listing 69845095 after 3 retries
2025-04-26 11:24:24,848 - ERROR - Failed to fetch listing 69840409 after 3 retries
2025-04-26 11:24:29,929 - ERROR - Failed to fetch listing 68643447 after 3 retries
2025-04-26 11:24:40,016 - ERROR - Error fetching listing 67265648: HTTPSConnectionPool(host='api-graphql-lambda.prod.zoopla.co.uk', port=443): Max retries exceeded with url: /graphql/ (Caused by ProxyError('Cannot connect to proxy.', timeout('timed out')))
2025-04-26 11:24:40,016 - ERROR - Error fetching listing 69832254: HTTPSConnectionPool(host='api-graphql-lambda.prod.zoopla.co.uk', port=443): Max retries exceeded with url: /graphql/ (Caused by ProxyError('Cannot connect to proxy.', timeout('timed out')))
2025-04-26 11:24:40,016 - ERROR - Error fetching listing 69817129: HTTPSConnectionPool(host='api-graphql-lambda.prod.zoopla.co.uk', port=443): Max retries exceeded with url: /graphql/ (Caused by ProxyError('Cannot connect to proxy.', timeout('timed out')))
2025-04-26 11:24:40,032 - ERROR - Error fetching listing 69829765: HTTPSConnectionPool(host='api-graphql-lambda.prod.zoopla.co.uk', port=443): Max retries exceeded with url: /graphql/ (Caused by ProxyError('Cannot connect to proxy.', timeout('timed out')))
2025-04-26 11:24:40,047 - ERROR - Error fetching listing 69833401: HTTPSConnectionPool(host='api-graphql-lambda.prod.zoopla.co.uk', port=443): Max retries exceeded with url: /graphql/ (Caused by ProxyError('Cannot connect to proxy.', timeout('timed out')))
2025-04-26 11:24:56,132 - ERROR - Error fetching listing 69829765: HTTPSConnectionPool(host='api-graphql-lambda.prod.zoopla.co.uk', port=443): Max retries exceeded with url: /graphql/ (Caused by ProxyError('Cannot connect to proxy.', timeout('timed out')))
2025-04-26 11:24:57,098 - ERROR - Error fetching listing 69832254: HTTPSConnectionPool(host='api-graphql-lambda.prod.zoopla.co.uk', port=443): Max retries exceeded with url: /graphql/ (Caused by ProxyError('Cannot connect to proxy.', timeout('timed out')))
2025-04-26 11:24:57,118 - ERROR - Error fetching listing 69833401: HTTPSConnectionPool(host='api-graphql-lambda.prod.zoopla.co.uk', port=443): Max retries exceeded with url: /graphql/ (Caused by ProxyError('Cannot connect to proxy.', timeout('timed out')))
2025-04-26 11:25:13,200 - ERROR - Error fetching listing 69833401: HTTPSConnectionPool(host='api-graphql-lambda.prod.zoopla.co.uk', port=443): Max retries exceeded with url: /graphql/ (Caused by ProxyError('Cannot connect to proxy.', timeout('timed out')))
2025-04-26 11:25:14,169 - ERROR - Error fetching listing 69832254: HTTPSConnectionPool(host='api-graphql-lambda.prod.zoopla.co.uk', port=443): Max retries exceeded with url: /graphql/ (Caused by ProxyError('Cannot connect to proxy.', timeout('timed out')))
2025-04-26 11:25:19,170 - ERROR - Failed to fetch listing 69832254 after 3 retries
2025-04-26 11:25:23,203 - ERROR - Failed to fetch listing 69833401 after 3 retries
2025-04-26 11:25:33,256 - ERROR - Error fetching listing 69806556: HTTPSConnectionPool(host='api-graphql-lambda.prod.zoopla.co.uk', port=443): Max retries exceeded with url: /graphql/ (Caused by ProxyError('Cannot connect to proxy.', timeout('timed out')))
2025-04-26 11:25:33,272 - ERROR - Error fetching listing 69803802: HTTPSConnectionPool(host='api-graphql-lambda.prod.zoopla.co.uk', port=443): Max retries exceeded with url: /graphql/ (Caused by ProxyError('Cannot connect to proxy.', timeout('timed out')))
2025-04-26 11:25:33,288 - ERROR - Error fetching listing 69815872: HTTPSConnectionPool(host='api-graphql-lambda.prod.zoopla.co.uk', port=443): Max retries exceeded with url: /graphql/ (Caused by ProxyError('Cannot connect to proxy.', timeout('timed out')))
2025-04-26 11:25:33,288 - ERROR - Error fetching listing 69805755: HTTPSConnectionPool(host='api-graphql-lambda.prod.zoopla.co.uk', port=443): Max retries exceeded with url: /graphql/ (Caused by ProxyError('Cannot connect to proxy.', timeout('timed out')))
2025-04-26 11:25:49,382 - ERROR - Error fetching listing 69815872: HTTPSConnectionPool(host='api-graphql-lambda.prod.zoopla.co.uk', port=443): Max retries exceeded with url: /graphql/ (Caused by ProxyError('Cannot connect to proxy.', timeout('timed out')))
2025-04-26 11:25:49,382 - ERROR - Error fetching listing 69805755: HTTPSConnectionPool(host='api-graphql-lambda.prod.zoopla.co.uk', port=443): Max retries exceeded with url: /graphql/ (Caused by ProxyError('Cannot connect to proxy.', timeout('timed out')))
2025-04-26 11:25:51,338 - ERROR - Error fetching listing 69806556: HTTPSConnectionPool(host='api-graphql-lambda.prod.zoopla.co.uk', port=443): Max retries exceeded with url: /graphql/ (Caused by ProxyError('Cannot connect to proxy.', timeout('timed out')))
2025-04-26 11:25:51,358 - ERROR - Error fetching listing 69803802: HTTPSConnectionPool(host='api-graphql-lambda.prod.zoopla.co.uk', port=443): Max retries exceeded with url: /graphql/ (Caused by ProxyError('Cannot connect to proxy.', timeout('timed out')))
2025-04-26 11:26:04,476 - ERROR - Error fetching listing 69815872: HTTPSConnectionPool(host='api-graphql-lambda.prod.zoopla.co.uk', port=443): Max retries exceeded with url: /graphql/ (Caused by ProxyError('Cannot connect to proxy.', timeout('timed out')))
2025-04-26 11:26:05,458 - ERROR - Error fetching listing 69805755: HTTPSConnectionPool(host='api-graphql-lambda.prod.zoopla.co.uk', port=443): Max retries exceeded with url: /graphql/ (Caused by ProxyError('Cannot connect to proxy.', timeout('timed out')))
2025-04-26 11:26:07,407 - ERROR - Error fetching listing 69806556: HTTPSConnectionPool(host='api-graphql-lambda.prod.zoopla.co.uk', port=443): Max retries exceeded with url: /graphql/ (Caused by ProxyError('Cannot connect to proxy.', timeout('timed out')))
2025-04-26 11:26:14,494 - ERROR - Failed to fetch listing 69815872 after 3 retries
2025-04-26 11:26:15,459 - ERROR - Failed to fetch listing 69805755 after 3 retries
2025-04-26 11:26:17,427 - ERROR - Failed to fetch listing 69806556 after 3 retries
2025-04-26 11:26:27,493 - ERROR - Error fetching listing 69774604: HTTPSConnectionPool(host='api-graphql-lambda.prod.zoopla.co.uk', port=443): Max retries exceeded with url: /graphql/ (Caused by ProxyError('Cannot connect to proxy.', timeout('timed out')))
2025-04-26 11:26:27,508 - ERROR - Error fetching listing 69782216: HTTPSConnectionPool(host='api-graphql-lambda.prod.zoopla.co.uk', port=443): Max retries exceeded with url: /graphql/ (Caused by ProxyError('Cannot connect to proxy.', timeout('timed out')))
2025-04-26 11:26:27,529 - ERROR - Error fetching listing 69802884: HTTPSConnectionPool(host='api-graphql-lambda.prod.zoopla.co.uk', port=443): Max retries exceeded with url: /graphql/ (Caused by ProxyError('Cannot connect to proxy.', timeout('timed out')))
2025-04-26 11:26:27,529 - ERROR - Error fetching listing 69785051: HTTPSConnectionPool(host='api-graphql-lambda.prod.zoopla.co.uk', port=443): Max retries exceeded with url: /graphql/ (Caused by ProxyError('Cannot connect to proxy.', timeout('timed out')))
2025-04-26 11:26:27,595 - ERROR - Error fetching listing 69773100: HTTPSConnectionPool(host='api-graphql-lambda.prod.zoopla.co.uk', port=443): Max retries exceeded with url: /graphql/ (Caused by ProxyError('Cannot connect to proxy.', timeout('timed out')))
2025-04-26 11:26:42,595 - ERROR - Error fetching listing 69774604: HTTPSConnectionPool(host='api-graphql-lambda.prod.zoopla.co.uk', port=443): Max retries exceeded with url: /graphql/ (Caused by ProxyError('Cannot connect to proxy.', timeout('timed out')))
2025-04-26 11:26:42,630 - ERROR - Error fetching listing 69782216: HTTPSConnectionPool(host='api-graphql-lambda.prod.zoopla.co.uk', port=443): Max retries exceeded with url: /graphql/ (Caused by ProxyError('Cannot connect to proxy.', timeout('timed out')))
2025-04-26 11:26:42,696 - ERROR - Error fetching listing 69773100: HTTPSConnectionPool(host='api-graphql-lambda.prod.zoopla.co.uk', port=443): Max retries exceeded with url: /graphql/ (Caused by ProxyError('Cannot connect to proxy.', timeout('timed out')))
2025-04-26 11:26:44,697 - ERROR - Error fetching listing 69802884: HTTPSConnectionPool(host='api-graphql-lambda.prod.zoopla.co.uk', port=443): Max retries exceeded with url: /graphql/ (Caused by ProxyError('Cannot connect to proxy.', timeout('timed out')))
2025-04-26 11:26:47,662 - ERROR - Error fetching listing 69785051: HTTPSConnectionPool(host='api-graphql-lambda.prod.zoopla.co.uk', port=443): Max retries exceeded with url: /graphql/ (Caused by ProxyError('Cannot connect to proxy.', timeout('timed out')))
2025-04-26 11:26:59,732 - ERROR - Error fetching listing 69774604: HTTPSConnectionPool(host='api-graphql-lambda.prod.zoopla.co.uk', port=443): Max retries exceeded with url: /graphql/ (Caused by ProxyError('Cannot connect to proxy.', timeout('timed out')))
2025-04-26 11:27:02,748 - ERROR - Error fetching listing 69782216: HTTPSConnectionPool(host='api-graphql-lambda.prod.zoopla.co.uk', port=443): Max retries exceeded with url: /graphql/ (Caused by ProxyError('Cannot connect to proxy.', timeout('timed out')))
2025-04-26 11:27:05,748 - ERROR - Failed to fetch listing 69774604 after 3 retries
2025-04-26 11:27:06,748 - ERROR - Error fetching listing 69785051: HTTPSConnectionPool(host='api-graphql-lambda.prod.zoopla.co.uk', port=443): Max retries exceeded with url: /graphql/ (Caused by ProxyError('Cannot connect to proxy.', timeout('timed out')))
2025-04-26 11:27:11,748 - ERROR - Failed to fetch listing 69785051 after 3 retries
2025-04-26 11:27:12,767 - ERROR - Failed to fetch listing 69782216 after 3 retries
2025-04-26 11:27:12,767 - WARNING - No details found for listing 69897472
2025-04-26 11:27:12,767 - WARNING - No details found for listing 69884605
2025-04-26 11:27:12,767 - WARNING - No details found for listing 69862150
2025-04-26 11:27:12,767 - WARNING - No details found for listing 69858055
2025-04-26 11:27:12,767 - WARNING - No details found for listing 68643447
2025-04-26 11:27:12,767 - WARNING - No details found for listing 69845095
2025-04-26 11:27:12,767 - WARNING - No details found for listing 69840409
2025-04-26 11:27:12,767 - WARNING - No details found for listing 69833401
2025-04-26 11:27:12,767 - WARNING - No details found for listing 69832254
2025-04-26 11:27:12,767 - WARNING - No details found for listing 69815872
2025-04-26 11:27:12,767 - WARNING - No details found for listing 69806556
2025-04-26 11:27:12,767 - WARNING - No details found for listing 69805755
2025-04-26 11:27:12,767 - WARNING - No details found for listing 69785051
2025-04-26 11:27:12,767 - WARNING - No details found for listing 69782216
2025-04-26 11:27:12,767 - WARNING - No details found for listing 69774604
2025-04-26 11:27:25,533 - ERROR - Error fetching listing 69770198: HTTPSConnectionPool(host='api-graphql-lambda.prod.zoopla.co.uk', port=443): Max retries exceeded with url: /graphql/ (Caused by ProxyError('Cannot connect to proxy.', timeout('timed out')))
2025-04-26 11:27:25,548 - ERROR - Error fetching listing 68294127: HTTPSConnectionPool(host='api-graphql-lambda.prod.zoopla.co.uk', port=443): Max retries exceeded with url: /graphql/ (Caused by ProxyError('Cannot connect to proxy.', timeout('timed out')))
2025-04-26 11:27:25,568 - ERROR - Error fetching listing 69766752: HTTPSConnectionPool(host='api-graphql-lambda.prod.zoopla.co.uk', port=443): Max retries exceeded with url: /graphql/ (Caused by ProxyError('Cannot connect to proxy.', timeout('timed out')))
2025-04-26 11:27:25,568 - ERROR - Error fetching listing 69763317: HTTPSConnectionPool(host='api-graphql-lambda.prod.zoopla.co.uk', port=443): Max retries exceeded with url: /graphql/ (Caused by ProxyError('Cannot connect to proxy.', timeout('timed out')))
2025-04-26 11:27:41,613 - ERROR - Error fetching listing 68294127: HTTPSConnectionPool(host='api-graphql-lambda.prod.zoopla.co.uk', port=443): Max retries exceeded with url: /graphql/ (Caused by ProxyError('Cannot connect to proxy.', timeout('timed out')))
2025-04-26 11:27:42,616 - ERROR - Error fetching listing 69770198: HTTPSConnectionPool(host='api-graphql-lambda.prod.zoopla.co.uk', port=443): Max retries exceeded with url: /graphql/ (Caused by ProxyError('Cannot connect to proxy.', timeout('timed out')))
2025-04-26 11:27:42,653 - ERROR - Error fetching listing 69766752: HTTPSConnectionPool(host='api-graphql-lambda.prod.zoopla.co.uk', port=443): Max retries exceeded with url: /graphql/ (Caused by ProxyError('Cannot connect to proxy.', timeout('timed out')))
2025-04-26 11:27:43,713 - ERROR - Error fetching listing 69763317: HTTPSConnectionPool(host='api-graphql-lambda.prod.zoopla.co.uk', port=443): Max retries exceeded with url: /graphql/ (Caused by ProxyError('Cannot connect to proxy.', timeout('timed out')))
2025-04-26 11:27:59,772 - ERROR - Error fetching listing 69763317: HTTPSConnectionPool(host='api-graphql-lambda.prod.zoopla.co.uk', port=443): Max retries exceeded with url: /graphql/ (Caused by ProxyError('Cannot connect to proxy.', timeout('timed out')))
2025-04-26 11:28:00,706 - ERROR - Error fetching listing 68294127: HTTPSConnectionPool(host='api-graphql-lambda.prod.zoopla.co.uk', port=443): Max retries exceeded with url: /graphql/ (Caused by ProxyError('Cannot connect to proxy.', timeout('timed out')))
2025-04-26 11:28:00,721 - ERROR - Error fetching listing 69766752: HTTPSConnectionPool(host='api-graphql-lambda.prod.zoopla.co.uk', port=443): Max retries exceeded with url: /graphql/ (Caused by ProxyError('Cannot connect to proxy.', timeout('timed out')))
2025-04-26 11:28:05,721 - ERROR - Failed to fetch listing 68294127 after 3 retries
2025-04-26 11:28:07,736 - ERROR - Failed to fetch listing 69766752 after 3 retries
2025-04-26 11:28:08,782 - ERROR - Failed to fetch listing 69763317 after 3 retries
2025-04-26 11:28:18,857 - ERROR - Error fetching listing 69760282: HTTPSConnectionPool(host='api-graphql-lambda.prod.zoopla.co.uk', port=443): Max retries exceeded with url: /graphql/ (Caused by ProxyError('Cannot connect to proxy.', timeout('timed out')))
2025-04-26 11:28:18,887 - ERROR - Error fetching listing 68701981: HTTPSConnectionPool(host='api-graphql-lambda.prod.zoopla.co.uk', port=443): Max retries exceeded with url: /graphql/ (Caused by ProxyError('Cannot connect to proxy.', timeout('timed out')))
2025-04-26 11:28:18,888 - ERROR - Error fetching listing 69733313: HTTPSConnectionPool(host='api-graphql-lambda.prod.zoopla.co.uk', port=443): Max retries exceeded with url: /graphql/ (Caused by ProxyError('Cannot connect to proxy.', timeout('timed out')))
2025-04-26 11:28:18,907 - ERROR - Error fetching listing 69753047: HTTPSConnectionPool(host='api-graphql-lambda.prod.zoopla.co.uk', port=443): Max retries exceeded with url: /graphql/ (Caused by ProxyError('Cannot connect to proxy.', timeout('timed out')))
2025-04-26 11:28:33,976 - ERROR - Error fetching listing 69733313: HTTPSConnectionPool(host='api-graphql-lambda.prod.zoopla.co.uk', port=443): Max retries exceeded with url: /graphql/ (Caused by ProxyError('Cannot connect to proxy.', timeout('timed out')))
2025-04-26 11:28:35,009 - ERROR - Error fetching listing 69753047: HTTPSConnectionPool(host='api-graphql-lambda.prod.zoopla.co.uk', port=443): Max retries exceeded with url: /graphql/ (Caused by ProxyError('Cannot connect to proxy.', timeout('timed out')))
2025-04-26 11:28:36,023 - ERROR - Error fetching listing 68701981: HTTPSConnectionPool(host='api-graphql-lambda.prod.zoopla.co.uk', port=443): Max retries exceeded with url: /graphql/ (Caused by ProxyError('Cannot connect to proxy.', timeout('timed out')))
2025-04-26 11:28:37,923 - ERROR - Error fetching listing 69760282: HTTPSConnectionPool(host='api-graphql-lambda.prod.zoopla.co.uk', port=443): Max retries exceeded with url: /graphql/ (Caused by ProxyError('Cannot connect to proxy.', timeout('timed out')))
2025-04-26 11:28:53,060 - ERROR - Error fetching listing 69733313: HTTPSConnectionPool(host='api-graphql-lambda.prod.zoopla.co.uk', port=443): Max retries exceeded with url: /graphql/ (Caused by ProxyError('Cannot connect to proxy.', timeout('timed out')))
2025-04-26 11:28:55,012 - ERROR - Error fetching listing 69760282: HTTPSConnectionPool(host='api-graphql-lambda.prod.zoopla.co.uk', port=443): Max retries exceeded with url: /graphql/ (Caused by ProxyError('Cannot connect to proxy.', timeout('timed out')))
2025-04-26 11:28:55,078 - ERROR - Error fetching listing 68701981: HTTPSConnectionPool(host='api-graphql-lambda.prod.zoopla.co.uk', port=443): Max retries exceeded with url: /graphql/ (Caused by ProxyError('Cannot connect to proxy.', timeout('timed out')))
2025-04-26 11:29:02,025 - ERROR - Failed to fetch listing 69760282 after 3 retries
2025-04-26 11:29:02,061 - ERROR - Failed to fetch listing 69733313 after 3 retries
2025-04-26 11:29:04,089 - ERROR - Failed to fetch listing 68701981 after 3 retries
2025-04-26 11:29:14,280 - ERROR - Error fetching listing 69691625: HTTPSConnectionPool(host='api-graphql-lambda.prod.zoopla.co.uk', port=443): Max retries exceeded with url: /graphql/ (Caused by ProxyError('Cannot connect to proxy.', timeout('timed out')))
2025-04-26 11:29:14,295 - ERROR - Error fetching listing 69704673: HTTPSConnectionPool(host='api-graphql-lambda.prod.zoopla.co.uk', port=443): Max retries exceeded with url: /graphql/ (Caused by ProxyError('Cannot connect to proxy.', timeout('timed out')))
2025-04-26 11:29:14,311 - ERROR - Error fetching listing 69690146: HTTPSConnectionPool(host='api-graphql-lambda.prod.zoopla.co.uk', port=443): Max retries exceeded with url: /graphql/ (Caused by ProxyError('Cannot connect to proxy.', timeout('timed out')))
2025-04-26 11:29:14,326 - ERROR - Error fetching listing 69730877: HTTPSConnectionPool(host='api-graphql-lambda.prod.zoopla.co.uk', port=443): Max retries exceeded with url: /graphql/ (Caused by ProxyError('Cannot connect to proxy.', timeout('timed out')))
2025-04-26 11:29:34,432 - ERROR - Error fetching listing 69704673: HTTPSConnectionPool(host='api-graphql-lambda.prod.zoopla.co.uk', port=443): Max retries exceeded with url: /graphql/ (Caused by ProxyError('Cannot connect to proxy.', timeout('timed out')))
2025-04-26 11:29:53,571 - ERROR - Error fetching listing 69704673: HTTPSConnectionPool(host='api-graphql-lambda.prod.zoopla.co.uk', port=443): Max retries exceeded with url: /graphql/ (Caused by ProxyError('Cannot connect to proxy.', timeout('timed out')))
2025-04-26 11:30:03,572 - ERROR - Failed to fetch listing 69704673 after 3 retries
2025-04-26 11:30:13,648 - ERROR - Error fetching listing 69667900: HTTPSConnectionPool(host='api-graphql-lambda.prod.zoopla.co.uk', port=443): Max retries exceeded with url: /graphql/ (Caused by ProxyError('Cannot connect to proxy.', timeout('timed out')))
2025-04-26 11:30:13,663 - ERROR - Error fetching listing 69651425: HTTPSConnectionPool(host='api-graphql-lambda.prod.zoopla.co.uk', port=443): Max retries exceeded with url: /graphql/ (Caused by ProxyError('Cannot connect to proxy.', timeout('timed out')))
2025-04-26 11:30:13,700 - ERROR - Error fetching listing 69659160: HTTPSConnectionPool(host='api-graphql-lambda.prod.zoopla.co.uk', port=443): Max retries exceeded with url: /graphql/ (Caused by ProxyError('Cannot connect to proxy.', timeout('timed out')))
2025-04-26 11:30:13,700 - ERROR - Error fetching listing 69689973: HTTPSConnectionPool(host='api-graphql-lambda.prod.zoopla.co.uk', port=443): Max retries exceeded with url: /graphql/ (Caused by ProxyError('Cannot connect to proxy.', timeout('timed out')))
2025-04-26 11:30:28,779 - ERROR - Error fetching listing 69651425: HTTPSConnectionPool(host='api-graphql-lambda.prod.zoopla.co.uk', port=443): Max retries exceeded with url: /graphql/ (Caused by ProxyError('Cannot connect to proxy.', timeout('timed out')))
2025-04-26 11:30:28,809 - ERROR - Error fetching listing 69659160: HTTPSConnectionPool(host='api-graphql-lambda.prod.zoopla.co.uk', port=443): Max retries exceeded with url: /graphql/ (Caused by ProxyError('Cannot connect to proxy.', timeout('timed out')))
2025-04-26 11:30:30,734 - ERROR - Error fetching listing 69667900: HTTPSConnectionPool(host='api-graphql-lambda.prod.zoopla.co.uk', port=443): Max retries exceeded with url: /graphql/ (Caused by ProxyError('Cannot connect to proxy.', timeout('timed out')))
2025-04-26 11:30:32,789 - ERROR - Error fetching listing 69689973: HTTPSConnectionPool(host='api-graphql-lambda.prod.zoopla.co.uk', port=443): Max retries exceeded with url: /graphql/ (Caused by ProxyError('Cannot connect to proxy.', timeout('timed out')))
2025-04-26 11:30:44,866 - ERROR - Error fetching listing 69651425: HTTPSConnectionPool(host='api-graphql-lambda.prod.zoopla.co.uk', port=443): Max retries exceeded with url: /graphql/ (Caused by ProxyError('Cannot connect to proxy.', timeout('timed out')))
2025-04-26 11:30:46,938 - ERROR - Error fetching listing 69659160: HTTPSConnectionPool(host='api-graphql-lambda.prod.zoopla.co.uk', port=443): Max retries exceeded with url: /graphql/ (Caused by ProxyError('Cannot connect to proxy.', timeout('timed out')))
2025-04-26 11:30:50,824 - ERROR - Error fetching listing 69667900: HTTPSConnectionPool(host='api-graphql-lambda.prod.zoopla.co.uk', port=443): Max retries exceeded with url: /graphql/ (Caused by ProxyError('Cannot connect to proxy.', timeout('timed out')))
2025-04-26 11:30:54,869 - ERROR - Failed to fetch listing 69651425 after 3 retries
2025-04-26 11:30:55,953 - ERROR - Failed to fetch listing 69659160 after 3 retries
2025-04-26 11:30:57,830 - ERROR - Failed to fetch listing 69667900 after 3 retries
2025-04-26 11:31:07,924 - ERROR - Error fetching listing 69632145: HTTPSConnectionPool(host='api-graphql-lambda.prod.zoopla.co.uk', port=443): Max retries exceeded with url: /graphql/ (Caused by ProxyError('Cannot connect to proxy.', timeout('timed out')))
2025-04-26 11:31:07,924 - ERROR - Error fetching listing 69630709: HTTPSConnectionPool(host='api-graphql-lambda.prod.zoopla.co.uk', port=443): Max retries exceeded with url: /graphql/ (Caused by ProxyError('Cannot connect to proxy.', timeout('timed out')))
2025-04-26 11:31:07,924 - ERROR - Error fetching listing 69620821: HTTPSConnectionPool(host='api-graphql-lambda.prod.zoopla.co.uk', port=443): Max retries exceeded with url: /graphql/ (Caused by ProxyError('Cannot connect to proxy.', timeout('timed out')))
2025-04-26 11:31:07,924 - ERROR - Error fetching listing 69644236: HTTPSConnectionPool(host='api-graphql-lambda.prod.zoopla.co.uk', port=443): Max retries exceeded with url: /graphql/ (Caused by ProxyError('Cannot connect to proxy.', timeout('timed out')))
2025-04-26 11:31:23,236 - ERROR - Error fetching listing 69630709: HTTPSConnectionPool(host='api-graphql-lambda.prod.zoopla.co.uk', port=443): Max retries exceeded with url: /graphql/ (Caused by ProxyError('Cannot connect to proxy.', timeout('timed out')))
2025-04-26 11:31:25,098 - ERROR - Error fetching listing 69644236: HTTPSConnectionPool(host='api-graphql-lambda.prod.zoopla.co.uk', port=443): Max retries exceeded with url: /graphql/ (Caused by ProxyError('Cannot connect to proxy.', timeout('timed out')))
2025-04-26 11:31:25,113 - ERROR - Error fetching listing 69632145: HTTPSConnectionPool(host='api-graphql-lambda.prod.zoopla.co.uk', port=443): Max retries exceeded with url: /graphql/ (Caused by ProxyError('Cannot connect to proxy.', timeout('timed out')))
2025-04-26 11:31:28,011 - ERROR - Error fetching listing 69620821: HTTPSConnectionPool(host='api-graphql-lambda.prod.zoopla.co.uk', port=443): Max retries exceeded with url: /graphql/ (Caused by ProxyError('Cannot connect to proxy.', timeout('timed out')))
2025-04-26 11:31:42,201 - ERROR - Error fetching listing 69632145: HTTPSConnectionPool(host='api-graphql-lambda.prod.zoopla.co.uk', port=443): Max retries exceeded with url: /graphql/ (Caused by ProxyError('Cannot connect to proxy.', timeout('timed out')))
2025-04-26 11:31:44,195 - ERROR - Error fetching listing 69620821: HTTPSConnectionPool(host='api-graphql-lambda.prod.zoopla.co.uk', port=443): Max retries exceeded with url: /graphql/ (Caused by ProxyError('Cannot connect to proxy.', timeout('timed out')))
2025-04-26 11:31:50,206 - ERROR - Failed to fetch listing 69632145 after 3 retries
2025-04-26 11:31:50,206 - ERROR - Failed to fetch listing 69620821 after 3 retries
2025-04-26 11:31:50,206 - WARNING - No details found for listing 69766752
2025-04-26 11:31:50,207 - WARNING - No details found for listing 68294127
2025-04-26 11:31:50,207 - WARNING - No details found for listing 69763317
2025-04-26 11:31:50,207 - WARNING - No details found for listing 69760282
2025-04-26 11:31:50,207 - WARNING - No details found for listing 68701981
2025-04-26 11:31:50,207 - WARNING - No details found for listing 69733313
2025-04-26 11:31:50,207 - WARNING - No details found for listing 69704673
2025-04-26 11:31:50,207 - WARNING - No details found for listing 69667900
2025-04-26 11:31:50,207 - WARNING - No details found for listing 69659160
2025-04-26 11:31:50,207 - WARNING - No details found for listing 69651425
2025-04-26 11:31:50,207 - WARNING - No details found for listing 69632145
2025-04-26 11:31:50,207 - WARNING - No details found for listing 69620821
2025-04-26 11:32:04,018 - ERROR - Error fetching listing 67192276: HTTPSConnectionPool(host='api-graphql-lambda.prod.zoopla.co.uk', port=443): Max retries exceeded with url: /graphql/ (Caused by ProxyError('Cannot connect to proxy.', timeout('timed out')))
2025-04-26 11:32:04,063 - ERROR - Error fetching listing 69568337: HTTPSConnectionPool(host='api-graphql-lambda.prod.zoopla.co.uk', port=443): Max retries exceeded with url: /graphql/ (Caused by ProxyError('Cannot connect to proxy.', timeout('timed out')))
2025-04-26 11:32:04,078 - ERROR - Error fetching listing 69592433: HTTPSConnectionPool(host='api-graphql-lambda.prod.zoopla.co.uk', port=443): Max retries exceeded with url: /graphql/ (Caused by ProxyError('Cannot connect to proxy.', timeout('timed out')))
2025-04-26 11:32:04,114 - ERROR - Error fetching listing 69614302: HTTPSConnectionPool(host='api-graphql-lambda.prod.zoopla.co.uk', port=443): Max retries exceeded with url: /graphql/ (Caused by ProxyError('Cannot connect to proxy.', timeout('timed out')))
2025-04-26 11:32:19,090 - ERROR - Error fetching listing 67192276: HTTPSConnectionPool(host='api-graphql-lambda.prod.zoopla.co.uk', port=443): Max retries exceeded with url: /graphql/ (Caused by ProxyError('Cannot connect to proxy.', timeout('timed out')))
2025-04-26 11:32:21,301 - ERROR - Error fetching listing 69614302: HTTPSConnectionPool(host='api-graphql-lambda.prod.zoopla.co.uk', port=443): Max retries exceeded with url: /graphql/ (Caused by ProxyError('Cannot connect to proxy.', timeout('timed out')))
2025-04-26 11:32:36,257 - ERROR - Error fetching listing 67192276: HTTPSConnectionPool(host='api-graphql-lambda.prod.zoopla.co.uk', port=443): Max retries exceeded with url: /graphql/ (Caused by ProxyError('Cannot connect to proxy.', timeout('timed out')))
2025-04-26 11:32:45,268 - ERROR - Failed to fetch listing 67192276 after 3 retries
2025-04-26 11:32:55,351 - ERROR - Error fetching listing 69528773: HTTPSConnectionPool(host='api-graphql-lambda.prod.zoopla.co.uk', port=443): Max retries exceeded with url: /graphql/ (Caused by ProxyError('Cannot connect to proxy.', timeout('timed out')))
2025-04-26 11:32:55,382 - ERROR - Error fetching listing 69528980: HTTPSConnectionPool(host='api-graphql-lambda.prod.zoopla.co.uk', port=443): Max retries exceeded with url: /graphql/ (Caused by ProxyError('Cannot connect to proxy.', timeout('timed out')))
2025-04-26 11:32:55,405 - ERROR - Error fetching listing 69565290: HTTPSConnectionPool(host='api-graphql-lambda.prod.zoopla.co.uk', port=443): Max retries exceeded with url: /graphql/ (Caused by ProxyError('Cannot connect to proxy.', timeout('timed out')))
2025-04-26 11:32:55,405 - ERROR - Error fetching listing 69550749: HTTPSConnectionPool(host='api-graphql-lambda.prod.zoopla.co.uk', port=443): Max retries exceeded with url: /graphql/ (Caused by ProxyError('Cannot connect to proxy.', timeout('timed out')))
2025-04-26 11:32:55,405 - ERROR - Error fetching listing 69543162: HTTPSConnectionPool(host='api-graphql-lambda.prod.zoopla.co.uk', port=443): Max retries exceeded with url: /graphql/ (Caused by ProxyError('Cannot connect to proxy.', timeout('timed out')))
2025-04-26 11:33:11,487 - ERROR - Error fetching listing 69565290: HTTPSConnectionPool(host='api-graphql-lambda.prod.zoopla.co.uk', port=443): Max retries exceeded with url: /graphql/ (Caused by ProxyError('Cannot connect to proxy.', timeout('timed out')))
2025-04-26 11:33:11,517 - ERROR - Error fetching listing 69550749: HTTPSConnectionPool(host='api-graphql-lambda.prod.zoopla.co.uk', port=443): Max retries exceeded with url: /graphql/ (Caused by ProxyError('Cannot connect to proxy.', timeout('timed out')))
2025-04-26 11:33:13,462 - ERROR - Error fetching listing 69528773: HTTPSConnectionPool(host='api-graphql-lambda.prod.zoopla.co.uk', port=443): Max retries exceeded with url: /graphql/ (Caused by ProxyError('Cannot connect to proxy.', timeout('timed out')))
2025-04-26 11:33:26,570 - ERROR - Error fetching listing 69565290: HTTPSConnectionPool(host='api-graphql-lambda.prod.zoopla.co.uk', port=443): Max retries exceeded with url: /graphql/ (Caused by ProxyError('Cannot connect to proxy.', timeout('timed out')))
2025-04-26 11:33:27,588 - ERROR - Error fetching listing 69550749: HTTPSConnectionPool(host='api-graphql-lambda.prod.zoopla.co.uk', port=443): Max retries exceeded with url: /graphql/ (Caused by ProxyError('Cannot connect to proxy.', timeout('timed out')))
2025-04-26 11:33:32,604 - ERROR - Failed to fetch listing 69550749 after 3 retries
2025-04-26 11:33:32,632 - ERROR - Error fetching listing 69528773: HTTPSConnectionPool(host='api-graphql-lambda.prod.zoopla.co.uk', port=443): Max retries exceeded with url: /graphql/ (Caused by ProxyError('Cannot connect to proxy.', timeout('timed out')))
2025-04-26 11:33:33,573 - ERROR - Failed to fetch listing 69565290 after 3 retries
2025-04-26 11:33:40,643 - ERROR - Failed to fetch listing 69528773 after 3 retries
2025-04-26 11:33:50,711 - ERROR - Error fetching listing 69505326: HTTPSConnectionPool(host='api-graphql-lambda.prod.zoopla.co.uk', port=443): Max retries exceeded with url: /graphql/ (Caused by ProxyError('Cannot connect to proxy.', timeout('timed out')))
2025-04-26 11:33:50,711 - ERROR - Error fetching listing 69527390: HTTPSConnectionPool(host='api-graphql-lambda.prod.zoopla.co.uk', port=443): Max retries exceeded with url: /graphql/ (Caused by ProxyError('Cannot connect to proxy.', timeout('timed out')))
2025-04-26 11:33:50,726 - ERROR - Error fetching listing 69510209: HTTPSConnectionPool(host='api-graphql-lambda.prod.zoopla.co.uk', port=443): Max retries exceeded with url: /graphql/ (Caused by ProxyError('Cannot connect to proxy.', timeout('timed out')))
2025-04-26 11:33:50,793 - ERROR - Error fetching listing 69517625: HTTPSConnectionPool(host='api-graphql-lambda.prod.zoopla.co.uk', port=443): Max retries exceeded with url: /graphql/ (Caused by ProxyError('Cannot connect to proxy.', timeout('timed out')))
2025-04-26 11:34:05,907 - ERROR - Error fetching listing 69517625: HTTPSConnectionPool(host='api-graphql-lambda.prod.zoopla.co.uk', port=443): Max retries exceeded with url: /graphql/ (Caused by ProxyError('Cannot connect to proxy.', timeout('timed out')))
2025-04-26 11:34:08,805 - ERROR - Error fetching listing 69510209: HTTPSConnectionPool(host='api-graphql-lambda.prod.zoopla.co.uk', port=443): Max retries exceeded with url: /graphql/ (Caused by ProxyError('Cannot connect to proxy.', timeout('timed out')))
2025-04-26 11:34:08,805 - ERROR - Error fetching listing 69505326: HTTPSConnectionPool(host='api-graphql-lambda.prod.zoopla.co.uk', port=443): Max retries exceeded with url: /graphql/ (Caused by ProxyError('Cannot connect to proxy.', timeout('timed out')))
2025-04-26 11:34:10,821 - ERROR - Error fetching listing 69527390: HTTPSConnectionPool(host='api-graphql-lambda.prod.zoopla.co.uk', port=443): Max retries exceeded with url: /graphql/ (Caused by ProxyError('Cannot connect to proxy.', timeout('timed out')))
2025-04-26 11:34:24,179 - ERROR - Error fetching listing 69517625: HTTPSConnectionPool(host='api-graphql-lambda.prod.zoopla.co.uk', port=443): Max retries exceeded with url: /graphql/ (Caused by ProxyError('Cannot connect to proxy.', timeout('timed out')))
2025-04-26 11:34:25,897 - ERROR - Error fetching listing 69510209: HTTPSConnectionPool(host='api-graphql-lambda.prod.zoopla.co.uk', port=443): Max retries exceeded with url: /graphql/ (Caused by ProxyError('Cannot connect to proxy.', timeout('timed out')))
2025-04-26 11:34:26,947 - ERROR - Error fetching listing 69505326: HTTPSConnectionPool(host='api-graphql-lambda.prod.zoopla.co.uk', port=443): Max retries exceeded with url: /graphql/ (Caused by ProxyError('Cannot connect to proxy.', timeout('timed out')))
2025-04-26 11:34:26,963 - ERROR - Error fetching listing 69527390: HTTPSConnectionPool(host='api-graphql-lambda.prod.zoopla.co.uk', port=443): Max retries exceeded with url: /graphql/ (Caused by ProxyError('Cannot connect to proxy.', timeout('timed out')))
2025-04-26 11:34:33,182 - ERROR - Failed to fetch listing 69517625 after 3 retries
2025-04-26 11:34:34,910 - ERROR - Failed to fetch listing 69510209 after 3 retries
2025-04-26 11:34:34,949 - ERROR - Failed to fetch listing 69505326 after 3 retries
2025-04-26 11:34:36,982 - ERROR - Failed to fetch listing 69527390 after 3 retries
2025-04-26 11:34:47,078 - ERROR - Error fetching listing 69485900: HTTPSConnectionPool(host='api-graphql-lambda.prod.zoopla.co.uk', port=443): Max retries exceeded with url: /graphql/ (Caused by ProxyError('Cannot connect to proxy.', timeout('timed out')))
2025-04-26 11:34:47,093 - ERROR - Error fetching listing 69472089: HTTPSConnectionPool(host='api-graphql-lambda.prod.zoopla.co.uk', port=443): Max retries exceeded with url: /graphql/ (Caused by ProxyError('Cannot connect to proxy.', timeout('timed out')))
2025-04-26 11:34:47,093 - ERROR - Error fetching listing 69502213: HTTPSConnectionPool(host='api-graphql-lambda.prod.zoopla.co.uk', port=443): Max retries exceeded with url: /graphql/ (Caused by ProxyError('Cannot connect to proxy.', timeout('timed out')))
2025-04-26 11:35:02,180 - ERROR - Error fetching listing 69502213: HTTPSConnectionPool(host='api-graphql-lambda.prod.zoopla.co.uk', port=443): Max retries exceeded with url: /graphql/ (Caused by ProxyError('Cannot connect to proxy.', timeout('timed out')))
2025-04-26 11:35:03,177 - ERROR - Error fetching listing 69485900: HTTPSConnectionPool(host='api-graphql-lambda.prod.zoopla.co.uk', port=443): Max retries exceeded with url: /graphql/ (Caused by ProxyError('Cannot connect to proxy.', timeout('timed out')))
2025-04-26 11:35:07,210 - ERROR - Error fetching listing 69472089: HTTPSConnectionPool(host='api-graphql-lambda.prod.zoopla.co.uk', port=443): Max retries exceeded with url: /graphql/ (Caused by ProxyError('Cannot connect to proxy.', timeout('timed out')))
2025-04-26 11:35:19,266 - ERROR - Error fetching listing 69502213: HTTPSConnectionPool(host='api-graphql-lambda.prod.zoopla.co.uk', port=443): Max retries exceeded with url: /graphql/ (Caused by ProxyError('Cannot connect to proxy.', timeout('timed out')))
2025-04-26 11:35:26,322 - ERROR - Error fetching listing 69472089: HTTPSConnectionPool(host='api-graphql-lambda.prod.zoopla.co.uk', port=443): Max retries exceeded with url: /graphql/ (Caused by ProxyError('Cannot connect to proxy.', timeout('timed out')))
2025-04-26 11:35:29,273 - ERROR - Failed to fetch listing 69502213 after 3 retries
2025-04-26 11:35:31,331 - ERROR - Failed to fetch listing 69472089 after 3 retries
2025-04-26 11:35:41,431 - ERROR - Error fetching listing 69465604: HTTPSConnectionPool(host='api-graphql-lambda.prod.zoopla.co.uk', port=443): Max retries exceeded with url: /graphql/ (Caused by ProxyError('Cannot connect to proxy.', timeout('timed out')))
2025-04-26 11:35:41,446 - ERROR - Error fetching listing 69418973: HTTPSConnectionPool(host='api-graphql-lambda.prod.zoopla.co.uk', port=443): Max retries exceeded with url: /graphql/ (Caused by ProxyError('Cannot connect to proxy.', timeout('timed out')))
2025-04-26 11:35:41,461 - ERROR - Error fetching listing 69461720: HTTPSConnectionPool(host='api-graphql-lambda.prod.zoopla.co.uk', port=443): Max retries exceeded with url: /graphql/ (Caused by ProxyError('Cannot connect to proxy.', timeout('timed out')))
2025-04-26 11:35:41,481 - ERROR - Error fetching listing 69417206: HTTPSConnectionPool(host='api-graphql-lambda.prod.zoopla.co.uk', port=443): Max retries exceeded with url: /graphql/ (Caused by ProxyError('Cannot connect to proxy.', timeout('timed out')))
2025-04-26 11:35:41,481 - ERROR - Error fetching listing 69465129: HTTPSConnectionPool(host='api-graphql-lambda.prod.zoopla.co.uk', port=443): Max retries exceeded with url: /graphql/ (Caused by ProxyError('Cannot connect to proxy.', timeout('timed out')))
2025-04-26 11:35:58,631 - ERROR - Error fetching listing 69461720: HTTPSConnectionPool(host='api-graphql-lambda.prod.zoopla.co.uk', port=443): Max retries exceeded with url: /graphql/ (Caused by ProxyError('Cannot connect to proxy.', timeout('timed out')))
2025-04-26 11:35:58,661 - ERROR - Error fetching listing 69465129: HTTPSConnectionPool(host='api-graphql-lambda.prod.zoopla.co.uk', port=443): Max retries exceeded with url: /graphql/ (Caused by ProxyError('Cannot connect to proxy.', timeout('timed out')))
2025-04-26 11:35:59,550 - ERROR - Error fetching listing 69417206: HTTPSConnectionPool(host='api-graphql-lambda.prod.zoopla.co.uk', port=443): Max retries exceeded with url: /graphql/ (Caused by ProxyError('Cannot connect to proxy.', timeout('timed out')))
2025-04-26 11:36:01,526 - ERROR - Error fetching listing 69465604: HTTPSConnectionPool(host='api-graphql-lambda.prod.zoopla.co.uk', port=443): Max retries exceeded with url: /graphql/ (Caused by ProxyError('Cannot connect to proxy.', timeout('timed out')))
2025-04-26 11:36:13,755 - ERROR - Error fetching listing 69465129: HTTPSConnectionPool(host='api-graphql-lambda.prod.zoopla.co.uk', port=443): Max retries exceeded with url: /graphql/ (Caused by ProxyError('Cannot connect to proxy.', timeout('timed out')))
2025-04-26 11:36:14,632 - ERROR - Error fetching listing 69417206: HTTPSConnectionPool(host='api-graphql-lambda.prod.zoopla.co.uk', port=443): Max retries exceeded with url: /graphql/ (Caused by ProxyError('Cannot connect to proxy.', timeout('timed out')))
2025-04-26 11:36:15,773 - ERROR - Error fetching listing 69461720: HTTPSConnectionPool(host='api-graphql-lambda.prod.zoopla.co.uk', port=443): Max retries exceeded with url: /graphql/ (Caused by ProxyError('Cannot connect to proxy.', timeout('timed out')))
2025-04-26 11:36:20,626 - ERROR - Error fetching listing 69465604: HTTPSConnectionPool(host='api-graphql-lambda.prod.zoopla.co.uk', port=443): Max retries exceeded with url: /graphql/ (Caused by ProxyError('Cannot connect to proxy.', timeout('timed out')))
2025-04-26 11:36:21,643 - ERROR - Failed to fetch listing 69417206 after 3 retries
2025-04-26 11:36:23,759 - ERROR - Failed to fetch listing 69465129 after 3 retries
2025-04-26 11:36:24,776 - ERROR - Failed to fetch listing 69461720 after 3 retries
2025-04-26 11:36:25,628 - ERROR - Failed to fetch listing 69465604 after 3 retries
2025-04-26 11:36:25,628 - WARNING - No details found for listing 67192276
2025-04-26 11:36:25,628 - WARNING - No details found for listing 69565290
2025-04-26 11:36:25,628 - WARNING - No details found for listing 69550749
2025-04-26 11:36:25,628 - WARNING - No details found for listing 69528773
2025-04-26 11:36:25,628 - WARNING - No details found for listing 69527390
2025-04-26 11:36:25,628 - WARNING - No details found for listing 69517625
2025-04-26 11:36:25,628 - WARNING - No details found for listing 69510209
2025-04-26 11:36:25,628 - WARNING - No details found for listing 69505326
2025-04-26 11:36:25,628 - WARNING - No details found for listing 69502213
2025-04-26 11:36:25,628 - WARNING - No details found for listing 69472089
2025-04-26 11:36:25,629 - WARNING - No details found for listing 69465604
2025-04-26 11:36:25,629 - WARNING - No details found for listing 69465129
2025-04-26 11:36:25,629 - WARNING - No details found for listing 69461720
2025-04-26 11:36:25,629 - WARNING - No details found for listing 69417206
2025-04-26 11:36:38,196 - ERROR - Error fetching listing 69329806: HTTPSConnectionPool(host='api-graphql-lambda.prod.zoopla.co.uk', port=443): Max retries exceeded with url: /graphql/ (Caused by ProxyError('Cannot connect to proxy.', timeout('timed out')))
2025-04-26 11:36:38,196 - ERROR - Error fetching listing 69351227: HTTPSConnectionPool(host='api-graphql-lambda.prod.zoopla.co.uk', port=443): Max retries exceeded with url: /graphql/ (Caused by ProxyError('Cannot connect to proxy.', timeout('timed out')))
2025-04-26 11:36:38,196 - ERROR - Error fetching listing 69356683: HTTPSConnectionPool(host='api-graphql-lambda.prod.zoopla.co.uk', port=443): Max retries exceeded with url: /graphql/ (Caused by ProxyError('Cannot connect to proxy.', timeout('timed out')))
2025-04-26 11:36:38,226 - ERROR - Error fetching listing 69392398: HTTPSConnectionPool(host='api-graphql-lambda.prod.zoopla.co.uk', port=443): Max retries exceeded with url: /graphql/ (Caused by ProxyError('Cannot connect to proxy.', timeout('timed out')))
2025-04-26 11:36:38,226 - ERROR - Error fetching listing 69318636: HTTPSConnectionPool(host='api-graphql-lambda.prod.zoopla.co.uk', port=443): Max retries exceeded with url: /graphql/ (Caused by ProxyError('Cannot connect to proxy.', timeout('timed out')))
2025-04-26 11:36:55,310 - ERROR - Error fetching listing 69329806: HTTPSConnectionPool(host='api-graphql-lambda.prod.zoopla.co.uk', port=443): Max retries exceeded with url: /graphql/ (Caused by ProxyError('Cannot connect to proxy.', timeout('timed out')))
2025-04-26 11:36:56,265 - ERROR - Error fetching listing 69351227: HTTPSConnectionPool(host='api-graphql-lambda.prod.zoopla.co.uk', port=443): Max retries exceeded with url: /graphql/ (Caused by ProxyError('Cannot connect to proxy.', timeout('timed out')))
2025-04-26 11:36:56,330 - ERROR - Error fetching listing 69356683: HTTPSConnectionPool(host='api-graphql-lambda.prod.zoopla.co.uk', port=443): Max retries exceeded with url: /graphql/ (Caused by ProxyError('Cannot connect to proxy.', timeout('timed out')))
2025-04-26 11:36:57,321 - ERROR - Error fetching listing 69392398: HTTPSConnectionPool(host='api-graphql-lambda.prod.zoopla.co.uk', port=443): Max retries exceeded with url: /graphql/ (Caused by ProxyError('Cannot connect to proxy.', timeout('timed out')))
2025-04-26 11:37:12,361 - ERROR - Error fetching listing 69351227: HTTPSConnectionPool(host='api-graphql-lambda.prod.zoopla.co.uk', port=443): Max retries exceeded with url: /graphql/ (Caused by ProxyError('Cannot connect to proxy.', timeout('timed out')))
2025-04-26 11:37:14,431 - ERROR - Error fetching listing 69392398: HTTPSConnectionPool(host='api-graphql-lambda.prod.zoopla.co.uk', port=443): Max retries exceeded with url: /graphql/ (Caused by ProxyError('Cannot connect to proxy.', timeout('timed out')))
2025-04-26 11:37:14,431 - ERROR - Error fetching listing 69329806: HTTPSConnectionPool(host='api-graphql-lambda.prod.zoopla.co.uk', port=443): Max retries exceeded with url: /graphql/ (Caused by ProxyError('Cannot connect to proxy.', timeout('timed out')))
2025-04-26 11:37:15,462 - ERROR - Error fetching listing 69356683: HTTPSConnectionPool(host='api-graphql-lambda.prod.zoopla.co.uk', port=443): Max retries exceeded with url: /graphql/ (Caused by ProxyError('Cannot connect to proxy.', timeout('timed out')))
2025-04-26 11:37:19,433 - ERROR - Failed to fetch listing 69329806 after 3 retries
2025-04-26 11:37:20,446 - ERROR - Failed to fetch listing 69392398 after 3 retries
2025-04-26 11:37:22,366 - ERROR - Failed to fetch listing 69351227 after 3 retries
2025-04-26 11:37:22,480 - ERROR - Failed to fetch listing 69356683 after 3 retries
2025-04-26 11:37:32,611 - ERROR - Error fetching listing 69273458: HTTPSConnectionPool(host='api-graphql-lambda.prod.zoopla.co.uk', port=443): Max retries exceeded with url: /graphql/ (Caused by ProxyError('Cannot connect to proxy.', timeout('timed out')))
2025-04-26 11:37:32,611 - ERROR - Error fetching listing 69293184: HTTPSConnectionPool(host='api-graphql-lambda.prod.zoopla.co.uk', port=443): Max retries exceeded with url: /graphql/ (Caused by ProxyError('Cannot connect to proxy.', timeout('timed out')))
2025-04-26 11:37:32,647 - ERROR - Error fetching listing 68499612: HTTPSConnectionPool(host='api-graphql-lambda.prod.zoopla.co.uk', port=443): Max retries exceeded with url: /graphql/ (Caused by ProxyError('Cannot connect to proxy.', timeout('timed out')))
2025-04-26 11:37:48,768 - ERROR - Error fetching listing 69293184: HTTPSConnectionPool(host='api-graphql-lambda.prod.zoopla.co.uk', port=443): Max retries exceeded with url: /graphql/ (Caused by ProxyError('Cannot connect to proxy.', timeout('timed out')))
2025-04-26 11:37:51,804 - ERROR - Error fetching listing 68499612: HTTPSConnectionPool(host='api-graphql-lambda.prod.zoopla.co.uk', port=443): Max retries exceeded with url: /graphql/ (Caused by ProxyError('Cannot connect to proxy.', timeout('timed out')))
2025-04-26 11:38:08,882 - ERROR - Error fetching listing 68499612: HTTPSConnectionPool(host='api-graphql-lambda.prod.zoopla.co.uk', port=443): Max retries exceeded with url: /graphql/ (Caused by ProxyError('Cannot connect to proxy.', timeout('timed out')))
2025-04-26 11:38:13,891 - ERROR - Failed to fetch listing 68499612 after 3 retries
2025-04-26 11:38:23,981 - ERROR - Error fetching listing 69245391: HTTPSConnectionPool(host='api-graphql-lambda.prod.zoopla.co.uk', port=443): Max retries exceeded with url: /graphql/ (Caused by ProxyError('Cannot connect to proxy.', timeout('timed out')))
2025-04-26 11:38:23,996 - ERROR - Error fetching listing 69237109: HTTPSConnectionPool(host='api-graphql-lambda.prod.zoopla.co.uk', port=443): Max retries exceeded with url: /graphql/ (Caused by ProxyError('Cannot connect to proxy.', timeout('timed out')))
2025-04-26 11:38:24,011 - ERROR - Error fetching listing 69234879: HTTPSConnectionPool(host='api-graphql-lambda.prod.zoopla.co.uk', port=443): Max retries exceeded with url: /graphql/ (Caused by ProxyError('Cannot connect to proxy.', timeout('timed out')))
2025-04-26 11:38:24,011 - ERROR - Error fetching listing 69229336: HTTPSConnectionPool(host='api-graphql-lambda.prod.zoopla.co.uk', port=443): Max retries exceeded with url: /graphql/ (Caused by ProxyError('Cannot connect to proxy.', timeout('timed out')))
